<?xml version="1.0" encoding="UTF-8"?>
<!-- Generated by org.testng.reporters.JUnitReportReporter -->
<testsuite hostname="DESKTOP-BPC4G7D" name="testnggg.TestDataa" tests="3" failures="0" timestamp="19 Aug 2019 05:11:13 GMT" time="29.392" errors="0">
  <testcase name="f" time="9.598" classname="testnggg.TestDataa"/>
  <testcase name="f" time="9.993" classname="testnggg.TestDataa"/>
  <testcase name="f" time="9.801" classname="testnggg.TestDataa"/>
</testsuite> <!-- testnggg.TestDataa -->
